-------------------------------------------------------------------------------
Test set: BrokerServiceUnitTest
-------------------------------------------------------------------------------
Tests run: 1, Failures: 0, Errors: 1, Skipped: 0, Time elapsed: 0.180 s <<< FAILURE! -- in BrokerServiceUnitTest
BrokerServiceUnitTest -- Time elapsed: 0.180 s <<< ERROR!
com.sun.xml.ws.server.ServerRtException: Server Runtime Error: java.net.BindException: Address already in use
	at com.sun.xml.ws.transport.http.server.ServerMgr.createContext(ServerMgr.java:126)
	at com.sun.xml.ws.transport.http.server.HttpEndpoint.publish(HttpEndpoint.java:50)
	at com.sun.xml.ws.transport.http.server.EndpointImpl.publish(EndpointImpl.java:223)
	at com.sun.xml.ws.spi.ProviderImpl.createAndPublishEndpoint(ProviderImpl.java:112)
	at jakarta.xml.ws.Endpoint.publish(Endpoint.java:224)
	at BrokerServiceUnitTest.setup(BrokerServiceUnitTest.java:21)
	at java.base/java.lang.reflect.Method.invoke(Method.java:580)
	at java.base/java.util.ArrayList.forEach(ArrayList.java:1596)
Caused by: java.net.BindException: Address already in use
	at java.base/sun.nio.ch.Net.bind0(Native Method)
	at java.base/sun.nio.ch.Net.bind(Net.java:565)
	at java.base/sun.nio.ch.ServerSocketChannelImpl.netBind(ServerSocketChannelImpl.java:344)
	at java.base/sun.nio.ch.ServerSocketChannelImpl.bind(ServerSocketChannelImpl.java:301)
	at java.base/sun.nio.ch.ServerSocketAdaptor.bind(ServerSocketAdaptor.java:89)
	at jdk.httpserver/sun.net.httpserver.ServerImpl.<init>(ServerImpl.java:144)
	at jdk.httpserver/sun.net.httpserver.HttpServerImpl.<init>(HttpServerImpl.java:50)
	at jdk.httpserver/sun.net.httpserver.DefaultHttpServerProvider.createHttpServer(DefaultHttpServerProvider.java:35)
	at jdk.httpserver/com.sun.net.httpserver.HttpServer.create(HttpServer.java:152)
	at com.sun.xml.ws.transport.http.server.ServerMgr.createContext(ServerMgr.java:86)
	... 7 more

