<?xml version="1.0" encoding="UTF-8"?>
<testsuite xmlns:xsi="http://www.w3.org/2001/XMLSchema-instance" xsi:noNamespaceSchemaLocation="https://maven.apache.org/surefire/maven-surefire-plugin/xsd/surefire-test-report-3.0.xsd" version="3.0" name="BrokerServiceUnitTest" time="0.284" tests="1" errors="0" skipped="0" failures="0">
  <properties>
[...]
</properties>
  <testcase name="connectionTest" classname="BrokerServiceUnitTest" time="0.096">
    <system-err><![CDATA[Feb 24, 2025 8:06:25 AM com.sun.xml.ws.server.sei.TieHandler createResponse
SEVERE: Cannot invoke "java.util.List.iterator()" because "this.quotationServices" is null
java.lang.NullPointerException: Cannot invoke "java.util.List.iterator()" because "this.quotationServices" is null
	at service.broker.LocalBrokerService.getQuotations(LocalBrokerService.java:39)
	at java.base/jdk.internal.reflect.DirectMethodHandleAccessor.invoke(DirectMethodHandleAccessor.java:103)
	at java.base/java.lang.reflect.Method.invoke(Method.java:580)
	at com.sun.xml.ws.util.Trampoline.invoke(MethodUtil.java:52)
	at java.base/jdk.internal.reflect.DirectMethodHandleAccessor.invoke(DirectMethodHandleAccessor.java:103)
	at java.base/java.lang.reflect.Method.invoke(Method.java:580)
	at com.sun.xml.ws.util.MethodUtil.invoke(MethodUtil.java:77)
	at com.sun.xml.ws.api.server.MethodUtil.invoke(MethodUtil.java:34)
	at com.sun.xml.ws.api.server.InstanceResolver$1.invoke(InstanceResolver.java:215)
	at com.sun.xml.ws.server.InvokerTube$2.invoke(InvokerTube.java:124)
	at com.sun.xml.ws.server.sei.SEIInvokerTube.processRequest(SEIInvokerTube.java:59)
	at com.sun.xml.ws.api.pipe.Fiber.__doRun(Fiber.java:1106)
	at com.sun.xml.ws.api.pipe.Fiber._doRun(Fiber.java:1020)
	at com.sun.xml.ws.api.pipe.Fiber.doRun(Fiber.java:989)
	at com.sun.xml.ws.api.pipe.Fiber.runSync(Fiber.java:847)
	at com.sun.xml.ws.server.WSEndpointImpl$2.process(WSEndpointImpl.java:399)
	at com.sun.xml.ws.transport.http.HttpAdapter$HttpToolkit.handle(HttpAdapter.java:832)
	at com.sun.xml.ws.transport.http.HttpAdapter.handle(HttpAdapter.java:386)
	at com.sun.xml.ws.transport.http.server.WSHttpHandler.handleExchange(WSHttpHandler.java:84)
	at com.sun.xml.ws.transport.http.server.WSHttpHandler.handle(WSHttpHandler.java:68)
	at jdk.httpserver/com.sun.net.httpserver.Filter$Chain.doFilter(Filter.java:98)
	at jdk.httpserver/sun.net.httpserver.AuthFilter.doFilter(AuthFilter.java:82)
	at jdk.httpserver/com.sun.net.httpserver.Filter$Chain.doFilter(Filter.java:101)
	at jdk.httpserver/sun.net.httpserver.ServerImpl$Exchange$LinkHandler.handle(ServerImpl.java:871)
	at jdk.httpserver/com.sun.net.httpserver.Filter$Chain.doFilter(Filter.java:98)
	at jdk.httpserver/sun.net.httpserver.ServerImpl$Exchange.run(ServerImpl.java:847)
	at java.base/java.util.concurrent.ThreadPoolExecutor.runWorker(ThreadPoolExecutor.java:1144)
	at java.base/java.util.concurrent.ThreadPoolExecutor$Worker.run(ThreadPoolExecutor.java:642)
	at java.base/java.lang.Thread.run(Thread.java:1583)

]]></system-err>
  </testcase>
</testsuite>